
Mi Apr 13 15:42:56 CEST 2022: Starting GUI
[[1;32mINFO[0m   ] [Logger      ] Record log in /home/ubuntu/.kivy/logs/kivy_22-04-13_63.txt
[[1;32mINFO[0m   ] [Kivy        ] v2.0.0
[[1;32mINFO[0m   ] [Kivy        ] Installed at "/home/ubuntu/Agroscope/Python_venvironments/YOLO_v5_venv/lib/python3.6/site-packages/kivy/__init__.py"
[[1;32mINFO[0m   ] [Python      ] v3.6.9 (default, Mar 15 2022, 13:55:28) 
[GCC 8.4.0]
[[1;32mINFO[0m   ] [Python      ] Interpreter at "/home/ubuntu/Agroscope/Python_venvironments/YOLO_v5_venv/bin/python3"
[[1;32mINFO[0m   ] [Factory     ] 186 symbols loaded
[[1;32mINFO[0m   ] [Image       ] Providers: img_tex, img_dds, img_sdl2, img_pil (img_ffpyplayer ignored)
[[1;32mINFO[0m   ] [Window      ] Provider: sdl2
[[1;32mINFO[0m   ] [GL          ] Using the "OpenGL" graphics system
[[1;32mINFO[0m   ] [GL          ] Backend used <sdl2>
[[1;32mINFO[0m   ] [GL          ] OpenGL version <b'4.6.0 NVIDIA 495.29.05'>
[[1;32mINFO[0m   ] [GL          ] OpenGL vendor <b'NVIDIA Corporation'>
[[1;32mINFO[0m   ] [GL          ] OpenGL renderer <b'Quadro RTX 5000 with Max-Q Design/PCIe/SSE2'>
[[1;32mINFO[0m   ] [GL          ] OpenGL parsed version: 4, 6
[[1;32mINFO[0m   ] [GL          ] Shading version <b'4.60 NVIDIA'>
[[1;32mINFO[0m   ] [GL          ] Texture max size <32768>
[[1;32mINFO[0m   ] [GL          ] Texture max units <32>
[[1;32mINFO[0m   ] [Window      ] auto add sdl2 input provider
[[1;32mINFO[0m   ] [Window      ] virtual keyboard not allowed, single mode, not docked
[[1;32mINFO[0m   ] [Text        ] Provider: sdl2
[[1;32mINFO[0m   ] [Camera      ] Provider: opencv(['camera_picamera', 'camera_gi'] ignored)
Going in webcam mode
[MAIN   ]: Creating /home/ubuntu/Agroscope/SET_0001
Writing to/home/ubuntu/Agroscope/SET_0001
Mi Apr 13 15:42:56 CEST 2022: End of routine

Mi Apr 13 15:44:18 CEST 2022: Starting GUI
[[1;32mINFO[0m   ] [Logger      ] Record log in /home/ubuntu/.kivy/logs/kivy_22-04-13_64.txt
[[1;32mINFO[0m   ] [Kivy        ] v2.0.0
[[1;32mINFO[0m   ] [Kivy        ] Installed at "/home/ubuntu/Agroscope/Python_venvironments/YOLO_v5_venv/lib/python3.6/site-packages/kivy/__init__.py"
[[1;32mINFO[0m   ] [Python      ] v3.6.9 (default, Mar 15 2022, 13:55:28) 
[GCC 8.4.0]
[[1;32mINFO[0m   ] [Python      ] Interpreter at "/home/ubuntu/Agroscope/Python_venvironments/YOLO_v5_venv/bin/python3"
[[1;32mINFO[0m   ] [Factory     ] 186 symbols loaded
[[1;32mINFO[0m   ] [Image       ] Providers: img_tex, img_dds, img_sdl2, img_pil (img_ffpyplayer ignored)
[[1;32mINFO[0m   ] [Window      ] Provider: sdl2
[[1;32mINFO[0m   ] [GL          ] Using the "OpenGL" graphics system
[[1;32mINFO[0m   ] [GL          ] Backend used <sdl2>
[[1;32mINFO[0m   ] [GL          ] OpenGL version <b'4.6.0 NVIDIA 495.29.05'>
[[1;32mINFO[0m   ] [GL          ] OpenGL vendor <b'NVIDIA Corporation'>
[[1;32mINFO[0m   ] [GL          ] OpenGL renderer <b'Quadro RTX 5000 with Max-Q Design/PCIe/SSE2'>
[[1;32mINFO[0m   ] [GL          ] OpenGL parsed version: 4, 6
[[1;32mINFO[0m   ] [GL          ] Shading version <b'4.60 NVIDIA'>
[[1;32mINFO[0m   ] [GL          ] Texture max size <32768>
[[1;32mINFO[0m   ] [GL          ] Texture max units <32>
[[1;32mINFO[0m   ] [Window      ] auto add sdl2 input provider
[[1;32mINFO[0m   ] [Window      ] virtual keyboard not allowed, single mode, not docked
[[1;32mINFO[0m   ] [Text        ] Provider: sdl2
[[1;32mINFO[0m   ] [Camera      ] Provider: opencv(['camera_picamera', 'camera_gi'] ignored)
Going in webcam mode
[MAIN   ]: Creating /home/ubuntu/Agroscope/SET_0001
Writing to/home/ubuntu/Agroscope/SET_0001
Mi Apr 13 15:44:18 CEST 2022: End of routine

Mi Apr 13 16:10:54 CEST 2022: Starting GUI
[[1;32mINFO[0m   ] [Logger      ] Record log in /home/ubuntu/.kivy/logs/kivy_22-04-13_65.txt
[[1;32mINFO[0m   ] [Kivy        ] v2.0.0
[[1;32mINFO[0m   ] [Kivy        ] Installed at "/home/ubuntu/Agroscope/Python_venvironments/YOLO_v5_venv/lib/python3.6/site-packages/kivy/__init__.py"
[[1;32mINFO[0m   ] [Python      ] v3.6.9 (default, Mar 15 2022, 13:55:28) 
[GCC 8.4.0]
[[1;32mINFO[0m   ] [Python      ] Interpreter at "/home/ubuntu/Agroscope/Python_venvironments/YOLO_v5_venv/bin/python3"
[[1;32mINFO[0m   ] [Factory     ] 186 symbols loaded
[[1;32mINFO[0m   ] [Image       ] Providers: img_tex, img_dds, img_sdl2, img_pil (img_ffpyplayer ignored)
[[1;32mINFO[0m   ] [Window      ] Provider: sdl2
[[1;32mINFO[0m   ] [GL          ] Using the "OpenGL" graphics system
[[1;32mINFO[0m   ] [GL          ] Backend used <sdl2>
[[1;32mINFO[0m   ] [GL          ] OpenGL version <b'4.6.0 NVIDIA 495.29.05'>
[[1;32mINFO[0m   ] [GL          ] OpenGL vendor <b'NVIDIA Corporation'>
[[1;32mINFO[0m   ] [GL          ] OpenGL renderer <b'Quadro RTX 5000 with Max-Q Design/PCIe/SSE2'>
[[1;32mINFO[0m   ] [GL          ] OpenGL parsed version: 4, 6
[[1;32mINFO[0m   ] [GL          ] Shading version <b'4.60 NVIDIA'>
[[1;32mINFO[0m   ] [GL          ] Texture max size <32768>
[[1;32mINFO[0m   ] [GL          ] Texture max units <32>
[[1;32mINFO[0m   ] [Window      ] auto add sdl2 input provider
[[1;32mINFO[0m   ] [Window      ] virtual keyboard not allowed, single mode, not docked
[[1;32mINFO[0m   ] [Text        ] Provider: sdl2
[[1;32mINFO[0m   ] [Camera      ] Provider: opencv(['camera_picamera', 'camera_gi'] ignored)
Going in webcam mode
[MAIN   ]: Creating /home/ubuntu/Agroscope/SET_0001
call close
Mi Apr 13 16:10:54 CEST 2022: End of routine

Mi Apr 13 16:13:40 CEST 2022: Starting GUI
[[1;32mINFO[0m   ] [Logger      ] Record log in /home/ubuntu/.kivy/logs/kivy_22-04-13_66.txt
[[1;32mINFO[0m   ] [Kivy        ] v2.0.0
[[1;32mINFO[0m   ] [Kivy        ] Installed at "/home/ubuntu/Agroscope/Python_venvironments/YOLO_v5_venv/lib/python3.6/site-packages/kivy/__init__.py"
[[1;32mINFO[0m   ] [Python      ] v3.6.9 (default, Mar 15 2022, 13:55:28) 
[GCC 8.4.0]
[[1;32mINFO[0m   ] [Python      ] Interpreter at "/home/ubuntu/Agroscope/Python_venvironments/YOLO_v5_venv/bin/python3"
[[1;32mINFO[0m   ] [Factory     ] 186 symbols loaded
[[1;32mINFO[0m   ] [Image       ] Providers: img_tex, img_dds, img_sdl2, img_pil (img_ffpyplayer ignored)
[[1;32mINFO[0m   ] [Window      ] Provider: sdl2
[[1;32mINFO[0m   ] [GL          ] Using the "OpenGL" graphics system
[[1;32mINFO[0m   ] [GL          ] Backend used <sdl2>
[[1;32mINFO[0m   ] [GL          ] OpenGL version <b'4.6.0 NVIDIA 495.29.05'>
[[1;32mINFO[0m   ] [GL          ] OpenGL vendor <b'NVIDIA Corporation'>
[[1;32mINFO[0m   ] [GL          ] OpenGL renderer <b'Quadro RTX 5000 with Max-Q Design/PCIe/SSE2'>
[[1;32mINFO[0m   ] [GL          ] OpenGL parsed version: 4, 6
[[1;32mINFO[0m   ] [GL          ] Shading version <b'4.60 NVIDIA'>
[[1;32mINFO[0m   ] [GL          ] Texture max size <32768>
[[1;32mINFO[0m   ] [GL          ] Texture max units <32>
[[1;32mINFO[0m   ] [Window      ] auto add sdl2 input provider
[[1;32mINFO[0m   ] [Window      ] virtual keyboard not allowed, single mode, not docked
[[1;32mINFO[0m   ] [Text        ] Provider: sdl2
[[1;32mINFO[0m   ] [Camera      ] Provider: opencv(['camera_picamera', 'camera_gi'] ignored)
Going in webcam mode
[MAIN   ]: Creating /home/ubuntu/Agroscope/SET_0002
Mi Apr 13 16:13:40 CEST 2022: End of routine

Mi Apr 13 16:15:58 CEST 2022: Starting GUI
[[1;32mINFO[0m   ] [Logger      ] Record log in /home/ubuntu/.kivy/logs/kivy_22-04-13_67.txt
[[1;32mINFO[0m   ] [Kivy        ] v2.0.0
[[1;32mINFO[0m   ] [Kivy        ] Installed at "/home/ubuntu/Agroscope/Python_venvironments/YOLO_v5_venv/lib/python3.6/site-packages/kivy/__init__.py"
[[1;32mINFO[0m   ] [Python      ] v3.6.9 (default, Mar 15 2022, 13:55:28) 
[GCC 8.4.0]
[[1;32mINFO[0m   ] [Python      ] Interpreter at "/home/ubuntu/Agroscope/Python_venvironments/YOLO_v5_venv/bin/python3"
[[1;32mINFO[0m   ] [Factory     ] 186 symbols loaded
[[1;32mINFO[0m   ] [Image       ] Providers: img_tex, img_dds, img_sdl2, img_pil (img_ffpyplayer ignored)
[[1;32mINFO[0m   ] [Window      ] Provider: sdl2
[[1;32mINFO[0m   ] [GL          ] Using the "OpenGL" graphics system
[[1;32mINFO[0m   ] [GL          ] Backend used <sdl2>
[[1;32mINFO[0m   ] [GL          ] OpenGL version <b'4.6.0 NVIDIA 495.29.05'>
[[1;32mINFO[0m   ] [GL          ] OpenGL vendor <b'NVIDIA Corporation'>
[[1;32mINFO[0m   ] [GL          ] OpenGL renderer <b'Quadro RTX 5000 with Max-Q Design/PCIe/SSE2'>
[[1;32mINFO[0m   ] [GL          ] OpenGL parsed version: 4, 6
[[1;32mINFO[0m   ] [GL          ] Shading version <b'4.60 NVIDIA'>
[[1;32mINFO[0m   ] [GL          ] Texture max size <32768>
[[1;32mINFO[0m   ] [GL          ] Texture max units <32>
[[1;32mINFO[0m   ] [Window      ] auto add sdl2 input provider
[[1;32mINFO[0m   ] [Window      ] virtual keyboard not allowed, single mode, not docked
[[1;32mINFO[0m   ] [Text        ] Provider: sdl2
[[1;32mINFO[0m   ] [Camera      ] Provider: opencv(['camera_picamera', 'camera_gi'] ignored)
Going in webcam mode
[MAIN   ]: Creating /home/ubuntu/Agroscope/SET_0003
Writing to/home/ubuntu/Agroscope/SET_0003
call close
Mi Apr 13 16:15:58 CEST 2022: End of routine

Mi Apr 13 16:16:45 CEST 2022: Starting GUI
[[1;32mINFO[0m   ] [Logger      ] Record log in /home/ubuntu/.kivy/logs/kivy_22-04-13_68.txt
[[1;32mINFO[0m   ] [Kivy        ] v2.0.0
[[1;32mINFO[0m   ] [Kivy        ] Installed at "/home/ubuntu/Agroscope/Python_venvironments/YOLO_v5_venv/lib/python3.6/site-packages/kivy/__init__.py"
[[1;32mINFO[0m   ] [Python      ] v3.6.9 (default, Mar 15 2022, 13:55:28) 
[GCC 8.4.0]
[[1;32mINFO[0m   ] [Python      ] Interpreter at "/home/ubuntu/Agroscope/Python_venvironments/YOLO_v5_venv/bin/python3"
[[1;32mINFO[0m   ] [Factory     ] 186 symbols loaded
[[1;32mINFO[0m   ] [Image       ] Providers: img_tex, img_dds, img_sdl2, img_pil (img_ffpyplayer ignored)
[[1;32mINFO[0m   ] [Window      ] Provider: sdl2
[[1;32mINFO[0m   ] [GL          ] Using the "OpenGL" graphics system
[[1;32mINFO[0m   ] [GL          ] Backend used <sdl2>
[[1;32mINFO[0m   ] [GL          ] OpenGL version <b'4.6.0 NVIDIA 495.29.05'>
[[1;32mINFO[0m   ] [GL          ] OpenGL vendor <b'NVIDIA Corporation'>
[[1;32mINFO[0m   ] [GL          ] OpenGL renderer <b'Quadro RTX 5000 with Max-Q Design/PCIe/SSE2'>
[[1;32mINFO[0m   ] [GL          ] OpenGL parsed version: 4, 6
[[1;32mINFO[0m   ] [GL          ] Shading version <b'4.60 NVIDIA'>
[[1;32mINFO[0m   ] [GL          ] Texture max size <32768>
[[1;32mINFO[0m   ] [GL          ] Texture max units <32>
[[1;32mINFO[0m   ] [Window      ] auto add sdl2 input provider
[[1;32mINFO[0m   ] [Window      ] virtual keyboard not allowed, single mode, not docked
[[1;32mINFO[0m   ] [Text        ] Provider: sdl2
[[1;32mINFO[0m   ] [Camera      ] Provider: opencv(['camera_picamera', 'camera_gi'] ignored)
Going in webcam mode
[MAIN   ]: Creating /home/ubuntu/Agroscope/SET_0004
call close
Mi Apr 13 16:16:45 CEST 2022: End of routine

Mi Apr 13 16:18:24 CEST 2022: Starting GUI
[[1;32mINFO[0m   ] [Logger      ] Record log in /home/ubuntu/.kivy/logs/kivy_22-04-13_69.txt
[[1;32mINFO[0m   ] [Kivy        ] v2.0.0
[[1;32mINFO[0m   ] [Kivy        ] Installed at "/home/ubuntu/Agroscope/Python_venvironments/YOLO_v5_venv/lib/python3.6/site-packages/kivy/__init__.py"
[[1;32mINFO[0m   ] [Python      ] v3.6.9 (default, Mar 15 2022, 13:55:28) 
[GCC 8.4.0]
[[1;32mINFO[0m   ] [Python      ] Interpreter at "/home/ubuntu/Agroscope/Python_venvironments/YOLO_v5_venv/bin/python3"
[[1;32mINFO[0m   ] [Factory     ] 186 symbols loaded
[[1;32mINFO[0m   ] [Image       ] Providers: img_tex, img_dds, img_sdl2, img_pil (img_ffpyplayer ignored)
[[1;32mINFO[0m   ] [Window      ] Provider: sdl2
[[1;32mINFO[0m   ] [GL          ] Using the "OpenGL" graphics system
[[1;32mINFO[0m   ] [GL          ] Backend used <sdl2>
[[1;32mINFO[0m   ] [GL          ] OpenGL version <b'4.6.0 NVIDIA 495.29.05'>
[[1;32mINFO[0m   ] [GL          ] OpenGL vendor <b'NVIDIA Corporation'>
[[1;32mINFO[0m   ] [GL          ] OpenGL renderer <b'Quadro RTX 5000 with Max-Q Design/PCIe/SSE2'>
[[1;32mINFO[0m   ] [GL          ] OpenGL parsed version: 4, 6
[[1;32mINFO[0m   ] [GL          ] Shading version <b'4.60 NVIDIA'>
[[1;32mINFO[0m   ] [GL          ] Texture max size <32768>
[[1;32mINFO[0m   ] [GL          ] Texture max units <32>
[[1;32mINFO[0m   ] [Window      ] auto add sdl2 input provider
[[1;32mINFO[0m   ] [Window      ] virtual keyboard not allowed, single mode, not docked
[[1;32mINFO[0m   ] [Text        ] Provider: sdl2
[[1;32mINFO[0m   ] [Camera      ] Provider: opencv(['camera_picamera', 'camera_gi'] ignored)
Going in webcam mode
[MAIN   ]: Creating /home/ubuntu/Agroscope/SET_0005
Mi Apr 13 16:18:24 CEST 2022: End of routine

Mi Apr 13 16:34:45 CEST 2022: Starting GUI
[[1;32mINFO[0m   ] [Logger      ] Record log in /home/ubuntu/.kivy/logs/kivy_22-04-13_70.txt
[[1;32mINFO[0m   ] [Kivy        ] v2.0.0
[[1;32mINFO[0m   ] [Kivy        ] Installed at "/home/ubuntu/Agroscope/Python_venvironments/YOLO_v5_venv/lib/python3.6/site-packages/kivy/__init__.py"
[[1;32mINFO[0m   ] [Python      ] v3.6.9 (default, Mar 15 2022, 13:55:28) 
[GCC 8.4.0]
[[1;32mINFO[0m   ] [Python      ] Interpreter at "/home/ubuntu/Agroscope/Python_venvironments/YOLO_v5_venv/bin/python3"
[[1;32mINFO[0m   ] [Factory     ] 186 symbols loaded
[[1;32mINFO[0m   ] [Image       ] Providers: img_tex, img_dds, img_sdl2, img_pil (img_ffpyplayer ignored)
[[1;32mINFO[0m   ] [Window      ] Provider: sdl2
[[1;32mINFO[0m   ] [GL          ] Using the "OpenGL" graphics system
[[1;32mINFO[0m   ] [GL          ] Backend used <sdl2>
[[1;32mINFO[0m   ] [GL          ] OpenGL version <b'4.6.0 NVIDIA 495.29.05'>
[[1;32mINFO[0m   ] [GL          ] OpenGL vendor <b'NVIDIA Corporation'>
[[1;32mINFO[0m   ] [GL          ] OpenGL renderer <b'Quadro RTX 5000 with Max-Q Design/PCIe/SSE2'>
[[1;32mINFO[0m   ] [GL          ] OpenGL parsed version: 4, 6
[[1;32mINFO[0m   ] [GL          ] Shading version <b'4.60 NVIDIA'>
[[1;32mINFO[0m   ] [GL          ] Texture max size <32768>
[[1;32mINFO[0m   ] [GL          ] Texture max units <32>
[[1;32mINFO[0m   ] [Window      ] auto add sdl2 input provider
[[1;32mINFO[0m   ] [Window      ] virtual keyboard not allowed, single mode, not docked
[[1;32mINFO[0m   ] [Text        ] Provider: sdl2
[[1;32mINFO[0m   ] [Camera      ] Provider: opencv(['camera_picamera', 'camera_gi'] ignored)
Going in webcam mode
[MAIN   ]: Creating /home/ubuntu/Agroscope/ASPEN/SET_0001
Mi Apr 13 16:34:45 CEST 2022: End of routine

Mi Apr 13 16:35:39 CEST 2022: Starting GUI
[[1;32mINFO[0m   ] [Logger      ] Record log in /home/ubuntu/.kivy/logs/kivy_22-04-13_71.txt
[[1;32mINFO[0m   ] [Kivy        ] v2.0.0
[[1;32mINFO[0m   ] [Kivy        ] Installed at "/home/ubuntu/Agroscope/Python_venvironments/YOLO_v5_venv/lib/python3.6/site-packages/kivy/__init__.py"
[[1;32mINFO[0m   ] [Python      ] v3.6.9 (default, Mar 15 2022, 13:55:28) 
[GCC 8.4.0]
[[1;32mINFO[0m   ] [Python      ] Interpreter at "/home/ubuntu/Agroscope/Python_venvironments/YOLO_v5_venv/bin/python3"
[[1;32mINFO[0m   ] [Factory     ] 186 symbols loaded
[[1;32mINFO[0m   ] [Image       ] Providers: img_tex, img_dds, img_sdl2, img_pil (img_ffpyplayer ignored)
[[1;32mINFO[0m   ] [Window      ] Provider: sdl2
[[1;32mINFO[0m   ] [GL          ] Using the "OpenGL" graphics system
[[1;32mINFO[0m   ] [GL          ] Backend used <sdl2>
[[1;32mINFO[0m   ] [GL          ] OpenGL version <b'4.6.0 NVIDIA 495.29.05'>
[[1;32mINFO[0m   ] [GL          ] OpenGL vendor <b'NVIDIA Corporation'>
[[1;32mINFO[0m   ] [GL          ] OpenGL renderer <b'Quadro RTX 5000 with Max-Q Design/PCIe/SSE2'>
[[1;32mINFO[0m   ] [GL          ] OpenGL parsed version: 4, 6
[[1;32mINFO[0m   ] [GL          ] Shading version <b'4.60 NVIDIA'>
[[1;32mINFO[0m   ] [GL          ] Texture max size <32768>
[[1;32mINFO[0m   ] [GL          ] Texture max units <32>
[[1;32mINFO[0m   ] [Window      ] auto add sdl2 input provider
[[1;32mINFO[0m   ] [Window      ] virtual keyboard not allowed, single mode, not docked
[[1;32mINFO[0m   ] [Text        ] Provider: sdl2
[[1;32mINFO[0m   ] [Camera      ] Provider: opencv(['camera_picamera', 'camera_gi'] ignored)
Going in webcam mode
[MAIN   ]: Creating /home/ubuntu/Agroscope/SET_0001
Mi Apr 13 16:35:39 CEST 2022: End of routine

Do Apr 14 14:18:44 CEST 2022: Starting GUI
[[1;32mINFO[0m   ] [Logger      ] Record log in /home/ubuntu/.kivy/logs/kivy_22-04-14_0.txt
[[1;32mINFO[0m   ] [Kivy        ] v2.0.0
[[1;32mINFO[0m   ] [Kivy        ] Installed at "/home/ubuntu/Agroscope/Python_venvironments/YOLO_v5_venv/lib/python3.6/site-packages/kivy/__init__.py"
[[1;32mINFO[0m   ] [Python      ] v3.6.9 (default, Mar 15 2022, 13:55:28) 
[GCC 8.4.0]
[[1;32mINFO[0m   ] [Python      ] Interpreter at "/home/ubuntu/Agroscope/Python_venvironments/YOLO_v5_venv/bin/python3"
[[1;32mINFO[0m   ] [Logger      ] Purge log fired. Analysing...
[[1;32mINFO[0m   ] [Logger      ] Purge 10 log files
[[1;32mINFO[0m   ] [Logger      ] Purge finished!
[[1;32mINFO[0m   ] [Factory     ] 186 symbols loaded
[[1;32mINFO[0m   ] [Image       ] Providers: img_tex, img_dds, img_sdl2, img_pil (img_ffpyplayer ignored)
[[1;32mINFO[0m   ] [Window      ] Provider: sdl2
[[1;32mINFO[0m   ] [GL          ] Using the "OpenGL" graphics system
[[1;32mINFO[0m   ] [GL          ] Backend used <sdl2>
[[1;32mINFO[0m   ] [GL          ] OpenGL version <b'4.6.0 NVIDIA 495.29.05'>
[[1;32mINFO[0m   ] [GL          ] OpenGL vendor <b'NVIDIA Corporation'>
[[1;32mINFO[0m   ] [GL          ] OpenGL renderer <b'Quadro RTX 5000 with Max-Q Design/PCIe/SSE2'>
[[1;32mINFO[0m   ] [GL          ] OpenGL parsed version: 4, 6
[[1;32mINFO[0m   ] [GL          ] Shading version <b'4.60 NVIDIA'>
[[1;32mINFO[0m   ] [GL          ] Texture max size <32768>
[[1;32mINFO[0m   ] [GL          ] Texture max units <32>
[[1;32mINFO[0m   ] [Window      ] auto add sdl2 input provider
[[1;32mINFO[0m   ] [Window      ] virtual keyboard not allowed, single mode, not docked
[[1;32mINFO[0m   ] [Text        ] Provider: sdl2
[[1;32mINFO[0m   ] [Camera      ] Provider: opencv(['camera_picamera', 'camera_gi'] ignored)
Going in webcam mode
[MAIN   ]: Creating /home/ubuntu/Agroscope/SET_0001
Writing to/home/ubuntu/Agroscope/SET_0001
call close
Do Apr 14 14:18:44 CEST 2022: End of routine
... logging to /home/ubuntu/.ros/log/36466c48-baf8-11ec-95c9-6479f0e20720/roslaunch-ubuntu-2964.log
Checking log directory for disk usage. This may take a while.
Press Ctrl-C to interrupt
Done checking log file disk usage. Usage is <1GB.
]2;roscore
[1mstarted roslaunch server http://localhost:45759/[0m
ros_comm version 1.14.13


SUMMARY
========

PARAMETERS
 * /rosdistro: melodic
 * /rosversion: 1.14.13

NODES

auto-starting new master
[1mprocess[master]: started with pid [3022][0m
[1mROS_MASTER_URI=http://localhost:11311/[0m
]2;roscore http://localhost:11311/
[1msetting /run_id to 36466c48-baf8-11ec-95c9-6479f0e20720[0m
[1mprocess[rosout-1]: started with pid [3053][0m
started core service [/rosout]
[rosout-1] killing on exit
[master] killing on exit
shutting down processing monitor...
... shutting down processing monitor complete
[1mdone[0m
roscore/master is not yet running, will wait for it to start
master has started, initiating launch
... logging to /home/ubuntu/.ros/log/36466c48-baf8-11ec-95c9-6479f0e20720/roslaunch-ubuntu-2966.log
Checking log directory for disk usage. This may take a while.
Press Ctrl-C to interrupt
Done checking log file disk usage. Usage is <1GB.
]2;/home/ubuntu/Agroscope/Data_processing/2_realtime/ROS_spaces/ROS_workspace_3/src/livox_ros_driver_external_IMU/livox_ros_driver/launch/livox_lidar_msg.launch
[1mstarted roslaunch server http://localhost:34137/[0m

SUMMARY
========

PARAMETERS
 * /cmdline_file_path: livox_test.lvx
 * /cmdline_str: 100000000000000
 * /data_src: 0
 * /enable_imu_bag: True
 * /enable_lidar_bag: True
 * /frame_id: livox_frame
 * /multi_topic: 0
 * /output_data_type: 0
 * /publish_freq: 10.0
 * /rosdistro: melodic
 * /rosversion: 1.14.13
 * /user_config_path: /home/ubuntu/Agro...
 * /xfer_format: 1

NODES
  /
    livox_lidar_publisher (livox_ros_driver/livox_ros_driver_node)

[1mROS_MASTER_URI=http://localhost:11311[0m
]2;/home/ubuntu/Agroscope/Data_processing/2_realtime/ROS_spaces/ROS_workspace_3/src/livox_ros_driver_external_IMU/livox_ros_driver/launch/livox_lidar_msg.launch http://localhost:11311
[1mprocess[livox_lidar_publisher-1]: started with pid [3082][0m
[livox_lidar_publisher-1] killing on exit
shutting down processing monitor...
... shutting down processing monitor complete
[1mdone[0m
 
Di Apr 19 06:25:02 CEST 2022: Device started
Di Apr 19 06:25:02 CEST 2022: ROS melodic prepared
Di Apr 19 06:25:02 CEST 2022: ROS drivers loaded [Livox, BMIO088]
Di Apr 19 06:25:02 CEST 2022: Agroscope venv loaded
Di Apr 19 06:25:02 CEST 2022: Livox, RS and IMU ROSlaunch started
[31mRLException: [rs_agroscope.launch] is neither a launch file in package [realsense2_camera] nor is [realsense2_camera] a launch file name[0m
[31mThe traceback for the exception was written to the log file[0m
